*** Starting uWSGI 1.9.17.1-debian (64bit) on [Fri Jan  8 19:58:06 2016] ***
compiled with version: 4.8.2 on 23 March 2014 17:15:32
os: Linux-3.19.0-25-generic #26~14.04.1-Ubuntu SMP Fri Jul 24 21:16:20 UTC 2015
nodename: pi
machine: x86_64
clock source: unix
pcre jit disabled
detected number of CPU cores: 1
current working directory: /home/pijaginw/findyourway
writing pidfile to /home/pijaginw/findyourway/findyourwayapp.pid
detected binary path: /usr/bin/uwsgi-core
your processes number limit is 100
your memory page size is 4096 bytes
detected max file descriptor number: 300
lock engine: pthread robust mutexes
thunder lock: disabled (you can enable it with --thunder-lock)
uwsgi socket 0 bound to UNIX address /tmp/pijaginw,findyourwayapp.sock fd 3
Python version: 2.7.6 (default, Jun 22 2015, 18:01:27)  [GCC 4.8.2]
*** Python threads support is disabled. You can enable it with --enable-threads ***
Python main interpreter initialized at 0x1016080
your server socket listen backlog is limited to 100 connections
your mercy for graceful operations on workers is 60 seconds
mapped 145584 bytes (142 KB) for 1 cores
*** Operational MODE: single process ***
WSGI app 0 (mountpoint='') ready in 0 seconds on interpreter 0x1016080 pid: 29224 (default app)
*** uWSGI is running in multiple interpreter mode ***
spawned uWSGI master process (pid: 29224)
spawned uWSGI worker 1 (pid: 29227, cores: 1)
[pid: 29227|app: 0|req: 1/1] 194.29.146.16 () {44 vars in 728 bytes} [Fri Jan  8 19:58:10 2016] GET /pijaginw/findyourwayapp => generated 295 bytes in 23 msecs (HTTP/1.0 301) 3 headers in 150 bytes (1 switches on core 0)
[pid: 29227|app: 0|req: 2/2] 194.29.146.16 () {44 vars in 730 bytes} [Fri Jan  8 19:58:10 2016] GET /pijaginw/findyourwayapp/ => generated 862 bytes in 15 msecs (HTTP/1.0 200) 2 headers in 79 bytes (1 switches on core 0)
[pid: 29227|app: 0|req: 3/3] 194.29.146.16 () {44 vars in 728 bytes} [Fri Jan  8 19:58:11 2016] GET /pijaginw/findyourwayapp/findyourwayweb.js => generated 233 bytes in 1 msecs (HTTP/1.0 404) 2 headers in 71 bytes (1 switches on core 0)
[pid: 29227|app: 0|req: 4/4] 194.29.146.16 () {44 vars in 728 bytes} [Fri Jan  8 19:58:11 2016] GET /pijaginw/findyourwayapp/findyourwayweb.js => generated 233 bytes in 0 msecs (HTTP/1.0 404) 2 headers in 71 bytes (1 switches on core 0)
-->Kod odpowiedzi: 200
Traceback (most recent call last):
  File "/usr/lib/python2.7/dist-packages/werkzeug/debug/__init__.py", line 124, in debug_application
    traceback.log(environ['wsgi.errors'])
  File "/usr/lib/python2.7/dist-packages/werkzeug/debug/tbtools.py", line 273, in log
    logfile.write(tb)
UnicodeEncodeError: 'ascii' codec can't encode characters in position 1047-1048: ordinal not in range(128)
[pid: 29227|app: 0|req: 5/5] 194.29.146.16 () {50 vars in 1028 bytes} [Fri Jan  8 19:58:22 2016] POST /pijaginw/findyourwayapp/ => generated 7354 bytes in 57 msecs (HTTP/1.0 500) 2 headers in 98 bytes (1 switches on core 0)
[pid: 29227|app: 0|req: 6/6] 194.29.146.16 () {46 vars in 956 bytes} [Fri Jan  8 19:58:22 2016] GET /pijaginw/findyourwayapp/?__debugger__=yes&cmd=resource&f=style.css => generated 6012 bytes in 6 msecs (HTTP/1.0 200) 2 headers in 79 bytes (1 switches on core 0)
[pid: 29227|app: 0|req: 7/7] 194.29.146.16 () {46 vars in 941 bytes} [Fri Jan  8 19:58:22 2016] GET /pijaginw/findyourwayapp/?__debugger__=yes&cmd=resource&f=jquery.js => generated 78601 bytes in 0 msecs (HTTP/1.0 200) 2 headers in 79 bytes (1 switches on core 0)
[pid: 29227|app: 0|req: 8/8] 194.29.146.16 () {46 vars in 945 bytes} [Fri Jan  8 19:58:22 2016] GET /pijaginw/findyourwayapp/?__debugger__=yes&cmd=resource&f=debugger.js => generated 6345 bytes in 0 msecs (HTTP/1.0 200) 2 headers in 78 bytes (1 switches on core 0)
[pid: 29227|app: 0|req: 9/9] 194.29.146.16 () {44 vars in 940 bytes} [Fri Jan  8 19:58:22 2016] GET /pijaginw/findyourwayapp/?__debugger__=yes&cmd=resource&f=console.png => generated 507 bytes in 0 msecs (HTTP/1.0 200) 2 headers in 64 bytes (1 switches on core 0)
[pid: 29227|app: 0|req: 10/10] 194.29.146.16 () {44 vars in 940 bytes} [Fri Jan  8 19:58:22 2016] GET /pijaginw/findyourwayapp/?__debugger__=yes&cmd=resource&f=console.png => generated 507 bytes in 0 msecs (HTTP/1.0 200) 2 headers in 64 bytes (1 switches on core 0)
[pid: 29227|app: 0|req: 11/11] 194.29.146.16 () {46 vars in 975 bytes} [Fri Jan  8 19:58:22 2016] GET /pijaginw/findyourwayapp/?__debugger__=yes&cmd=resource&f=console.png => generated 507 bytes in 0 msecs (HTTP/1.0 200) 2 headers in 64 bytes (1 switches on core 0)
[pid: 29227|app: 0|req: 12/12] 194.29.146.16 () {46 vars in 973 bytes} [Fri Jan  8 19:58:22 2016] GET /pijaginw/findyourwayapp/?__debugger__=yes&cmd=resource&f=source.png => generated 818 bytes in 0 msecs (HTTP/1.0 200) 2 headers in 64 bytes (1 switches on core 0)
Fri Jan  8 20:04:40 2016 - uWSGI worker 1 screams: UAAAAAAH my master disconnected: i will kill myself !!!
*** Starting uWSGI 1.9.17.1-debian (64bit) on [Fri Jan  8 20:06:59 2016] ***
compiled with version: 4.8.2 on 23 March 2014 17:15:32
os: Linux-3.19.0-25-generic #26~14.04.1-Ubuntu SMP Fri Jul 24 21:16:20 UTC 2015
nodename: pi
machine: x86_64
clock source: unix
pcre jit disabled
detected number of CPU cores: 1
current working directory: /home/pijaginw/findyourway
writing pidfile to /home/pijaginw/findyourway/findyourwayapp.pid
detected binary path: /usr/bin/uwsgi-core
your processes number limit is 100
your memory page size is 4096 bytes
detected max file descriptor number: 300
lock engine: pthread robust mutexes
thunder lock: disabled (you can enable it with --thunder-lock)
uwsgi socket 0 bound to UNIX address /tmp/pijaginw,findyourwayapp.sock fd 3
Python version: 2.7.6 (default, Jun 22 2015, 18:01:27)  [GCC 4.8.2]
*** Python threads support is disabled. You can enable it with --enable-threads ***
Python main interpreter initialized at 0x6dd080
your server socket listen backlog is limited to 100 connections
your mercy for graceful operations on workers is 60 seconds
mapped 145584 bytes (142 KB) for 1 cores
*** Operational MODE: single process ***
WSGI app 0 (mountpoint='') ready in 0 seconds on interpreter 0x6dd080 pid: 29334 (default app)
*** uWSGI is running in multiple interpreter mode ***
spawned uWSGI master process (pid: 29334)
spawned uWSGI worker 1 (pid: 29337, cores: 1)
SIGINT/SIGQUIT received...killing workers...
worker 1 buried after 1 seconds
goodbye to uWSGI.
VACUUM: pidfile removed.
VACUUM: unix socket /tmp/pijaginw,findyourwayapp.sock removed.
*** Starting uWSGI 1.9.17.1-debian (64bit) on [Fri Jan  8 20:08:51 2016] ***
compiled with version: 4.8.2 on 23 March 2014 17:15:32
os: Linux-3.19.0-25-generic #26~14.04.1-Ubuntu SMP Fri Jul 24 21:16:20 UTC 2015
nodename: pi
machine: x86_64
clock source: unix
pcre jit disabled
detected number of CPU cores: 1
current working directory: /home/pijaginw/findyourway
writing pidfile to /home/pijaginw/findyourway/findyourwayapp.pid
detected binary path: /usr/bin/uwsgi-core
your processes number limit is 100
your memory page size is 4096 bytes
detected max file descriptor number: 300
lock engine: pthread robust mutexes
thunder lock: disabled (you can enable it with --thunder-lock)
uwsgi socket 0 bound to UNIX address /tmp/pijaginw,findyourwayapp.sock fd 3
Python version: 2.7.6 (default, Jun 22 2015, 18:01:27)  [GCC 4.8.2]
*** Python threads support is disabled. You can enable it with --enable-threads ***
Python main interpreter initialized at 0xfce080
your server socket listen backlog is limited to 100 connections
your mercy for graceful operations on workers is 60 seconds
mapped 145584 bytes (142 KB) for 1 cores
*** Operational MODE: single process ***
WSGI app 0 (mountpoint='') ready in 0 seconds on interpreter 0xfce080 pid: 29360 (default app)
*** uWSGI is running in multiple interpreter mode ***
spawned uWSGI master process (pid: 29360)
spawned uWSGI worker 1 (pid: 29363, cores: 1)
[pid: 29363|app: 0|req: 1/1] 194.29.146.16 () {44 vars in 853 bytes} [Fri Jan  8 20:08:56 2016] GET /pijaginw/findyourwayapp/ => generated 862 bytes in 21 msecs (HTTP/1.0 200) 2 headers in 80 bytes (1 switches on core 0)
[pid: 29363|app: 0|req: 2/2] 194.29.146.16 () {46 vars in 892 bytes} [Fri Jan  8 20:08:56 2016] GET /pijaginw/findyourwayapp/findyourwayweb.js => generated 233 bytes in 3 msecs (HTTP/1.0 404) 2 headers in 72 bytes (1 switches on core 0)
[pid: 29363|app: 0|req: 3/3] 194.29.146.16 () {46 vars in 892 bytes} [Fri Jan  8 20:08:56 2016] GET /pijaginw/findyourwayapp/findyourwayweb.js => generated 233 bytes in 1 msecs (HTTP/1.0 404) 2 headers in 72 bytes (1 switches on core 0)
-->Kod odpowiedzi: 200
-->Tresc odpowiedzi: {'to': u'SZC', 'route': 700, 'from': u'SUW', 'id': 'e10fbd78-40fd-4a1f-a9c5-0e8c2bd30852'}
[pid: 29363|app: 0|req: 4/4] 194.29.146.16 () {50 vars in 1033 bytes} [Fri Jan  8 20:08:59 2016] POST /pijaginw/findyourwayapp/ => generated 14 bytes in 57 msecs (HTTP/1.0 200) 2 headers in 79 bytes (1 switches on core 0)
SIGINT/SIGQUIT received...killing workers...
worker 1 buried after 1 seconds
goodbye to uWSGI.
VACUUM: pidfile removed.
VACUUM: unix socket /tmp/pijaginw,findyourwayapp.sock removed.
*** Starting uWSGI 1.9.17.1-debian (64bit) on [Fri Jan  8 20:57:31 2016] ***
compiled with version: 4.8.2 on 23 March 2014 17:15:32
os: Linux-3.19.0-25-generic #26~14.04.1-Ubuntu SMP Fri Jul 24 21:16:20 UTC 2015
nodename: pi
machine: x86_64
clock source: unix
pcre jit disabled
detected number of CPU cores: 1
current working directory: /home/pijaginw/findyourway
writing pidfile to /home/pijaginw/findyourway/findyourwayapp.pid
detected binary path: /usr/bin/uwsgi-core
your processes number limit is 100
your memory page size is 4096 bytes
detected max file descriptor number: 300
lock engine: pthread robust mutexes
thunder lock: disabled (you can enable it with --thunder-lock)
uwsgi socket 0 bound to UNIX address /tmp/pijaginw,findyourwayapp.sock fd 3
Python version: 2.7.6 (default, Jun 22 2015, 18:01:27)  [GCC 4.8.2]
*** Python threads support is disabled. You can enable it with --enable-threads ***
Python main interpreter initialized at 0x2017080
your server socket listen backlog is limited to 100 connections
your mercy for graceful operations on workers is 60 seconds
mapped 145584 bytes (142 KB) for 1 cores
*** Operational MODE: single process ***
WSGI app 0 (mountpoint='') ready in 0 seconds on interpreter 0x2017080 pid: 29564 (default app)
*** uWSGI is running in multiple interpreter mode ***
spawned uWSGI master process (pid: 29564)
spawned uWSGI worker 1 (pid: 29567, cores: 1)
SIGINT/SIGQUIT received...killing workers...
worker 1 buried after 1 seconds
goodbye to uWSGI.
VACUUM: pidfile removed.
VACUUM: unix socket /tmp/pijaginw,findyourwayapp.sock removed.
*** Starting uWSGI 1.9.17.1-debian (64bit) on [Fri Jan  8 20:59:52 2016] ***
compiled with version: 4.8.2 on 23 March 2014 17:15:32
os: Linux-3.19.0-25-generic #26~14.04.1-Ubuntu SMP Fri Jul 24 21:16:20 UTC 2015
nodename: pi
machine: x86_64
clock source: unix
pcre jit disabled
detected number of CPU cores: 1
current working directory: /home/pijaginw/findyourway
writing pidfile to /home/pijaginw/findyourway/findyourwayapp.pid
detected binary path: /usr/bin/uwsgi-core
your processes number limit is 100
your memory page size is 4096 bytes
detected max file descriptor number: 300
lock engine: pthread robust mutexes
thunder lock: disabled (you can enable it with --thunder-lock)
uwsgi socket 0 bound to UNIX address /tmp/pijaginw,findyourwayapp.sock fd 3
Python version: 2.7.6 (default, Jun 22 2015, 18:01:27)  [GCC 4.8.2]
*** Python threads support is disabled. You can enable it with --enable-threads ***
Python main interpreter initialized at 0x9ff080
your server socket listen backlog is limited to 100 connections
your mercy for graceful operations on workers is 60 seconds
mapped 145584 bytes (142 KB) for 1 cores
*** Operational MODE: single process ***
WSGI app 0 (mountpoint='') ready in 0 seconds on interpreter 0x9ff080 pid: 29576 (default app)
*** uWSGI is running in multiple interpreter mode ***
spawned uWSGI master process (pid: 29576)
spawned uWSGI worker 1 (pid: 29579, cores: 1)
SIGINT/SIGQUIT received...killing workers...
worker 1 buried after 1 seconds
goodbye to uWSGI.
VACUUM: pidfile removed.
VACUUM: unix socket /tmp/pijaginw,findyourwayapp.sock removed.
*** Starting uWSGI 1.9.17.1-debian (64bit) on [Sat Jan  9 16:27:43 2016] ***
compiled with version: 4.8.2 on 23 March 2014 17:15:32
os: Linux-3.19.0-25-generic #26~14.04.1-Ubuntu SMP Fri Jul 24 21:16:20 UTC 2015
nodename: pi
machine: x86_64
clock source: unix
pcre jit disabled
detected number of CPU cores: 1
current working directory: /home/pijaginw/findyourway
writing pidfile to /home/pijaginw/findyourway/findyourwayapp.pid
detected binary path: /usr/bin/uwsgi-core
your processes number limit is 100
your memory page size is 4096 bytes
detected max file descriptor number: 300
lock engine: pthread robust mutexes
thunder lock: disabled (you can enable it with --thunder-lock)
uwsgi socket 0 bound to UNIX address /tmp/pijaginw,findyourwayapp.sock fd 3
Python version: 2.7.6 (default, Jun 22 2015, 18:01:27)  [GCC 4.8.2]
*** Python threads support is disabled. You can enable it with --enable-threads ***
Python main interpreter initialized at 0x1290080
your server socket listen backlog is limited to 100 connections
your mercy for graceful operations on workers is 60 seconds
mapped 145584 bytes (142 KB) for 1 cores
*** Operational MODE: single process ***
WSGI app 0 (mountpoint='') ready in 1 seconds on interpreter 0x1290080 pid: 2664 (default app)
*** uWSGI is running in multiple interpreter mode ***
spawned uWSGI master process (pid: 2664)
spawned uWSGI worker 1 (pid: 2667, cores: 1)
[pid: 2667|app: 0|req: 1/1] 194.29.146.16 () {46 vars in 840 bytes} [Sat Jan  9 16:28:02 2016] GET /pijaginw/findyourwayapp/ => generated 862 bytes in 38 msecs (HTTP/1.0 200) 2 headers in 80 bytes (1 switches on core 0)
[pid: 2667|app: 0|req: 2/2] 194.29.146.16 () {44 vars in 792 bytes} [Sat Jan  9 16:28:02 2016] GET /pijaginw/findyourwayapp/findyourwayweb.js => generated 233 bytes in 2 msecs (HTTP/1.0 404) 2 headers in 72 bytes (1 switches on core 0)
-->Kod odpowiedzi: 200
-->Tresc odpowiedzi: {"to": "WRO", "route": 660, "from": "SUW", "id": "9219be2f-2eee-43bc-8f47-cba4b99c99a7"}
[pid: 2667|app: 0|req: 3/3] 194.29.146.16 () {54 vars in 1043 bytes} [Sat Jan  9 16:28:06 2016] POST /pijaginw/findyourwayapp/ => generated 14 bytes in 65 msecs (HTTP/1.0 200) 2 headers in 79 bytes (1 switches on core 0)
[pid: 2667|app: 0|req: 4/4] 194.29.146.16 () {46 vars in 840 bytes} [Sat Jan  9 16:28:14 2016] GET /pijaginw/findyourwayapp/ => generated 862 bytes in 2 msecs (HTTP/1.0 200) 2 headers in 80 bytes (1 switches on core 0)
-->Kod odpowiedzi: 200
-->Tresc odpowiedzi: {"to": "PZN", "route": 550, "from": "SUW", "id": "ed41add9-c118-4897-9e07-a3f3c9ac2dc1"}
[pid: 2667|app: 0|req: 5/5] 194.29.146.16 () {54 vars in 1043 bytes} [Sat Jan  9 16:28:20 2016] POST /pijaginw/findyourwayapp/ => generated 14 bytes in 6 msecs (HTTP/1.0 200) 2 headers in 79 bytes (1 switches on core 0)
SIGINT/SIGQUIT received...killing workers...
worker 1 buried after 1 seconds
goodbye to uWSGI.
VACUUM: pidfile removed.
VACUUM: unix socket /tmp/pijaginw,findyourwayapp.sock removed.
