*** Starting uWSGI 1.9.17.1-debian (64bit) on [Fri Jan  8 19:57:58 2016] ***
compiled with version: 4.8.2 on 23 March 2014 17:15:32
os: Linux-3.19.0-25-generic #26~14.04.1-Ubuntu SMP Fri Jul 24 21:16:20 UTC 2015
nodename: pi
machine: x86_64
clock source: unix
pcre jit disabled
detected number of CPU cores: 1
current working directory: /home/pijaginw/findyourway
writing pidfile to /home/pijaginw/findyourway/findyourway.pid
detected binary path: /usr/bin/uwsgi-core
your processes number limit is 100
your memory page size is 4096 bytes
detected max file descriptor number: 300
lock engine: pthread robust mutexes
thunder lock: disabled (you can enable it with --thunder-lock)
uwsgi socket 0 bound to UNIX address /tmp/pijaginw,findyourway.sock fd 3
Python version: 2.7.6 (default, Jun 22 2015, 18:01:27)  [GCC 4.8.2]
*** Python threads support is disabled. You can enable it with --enable-threads ***
Python main interpreter initialized at 0x18c5790
your server socket listen backlog is limited to 100 connections
your mercy for graceful operations on workers is 60 seconds
mapped 145584 bytes (142 KB) for 1 cores
*** Operational MODE: single process ***
WSGI app 0 (mountpoint='') ready in 1 seconds on interpreter 0x18c5790 pid: 29214 (default app)
*** uWSGI is running in multiple interpreter mode ***
spawned uWSGI master process (pid: 29214)
spawned uWSGI worker 1 (pid: 29217, cores: 1)
(in find_route) type of data from request: <type 'str'>

(in find_route) type of data: <type 'dict'>

>>>city: Suwalki
>>>city: Siedlce
>>>city: Warszawa
>>>city: Gdansk
-----------------------------------------
WYSZUKANO POLACZENIE:
Trasa z SUW do SZC wynosi: 700
>>WPTransport<< ma nadzieje, że podroz minela przyjemnie oraz zaprasza na kolejne przygody.
-----------------------------------------
[pid: 29217|app: 0|req: 1/1] 194.29.146.16 () {44 vars in 677 bytes} [Fri Jan  8 19:58:22 2016] POST /pijaginw/findyourway/routes => generated 90 bytes in 9 msecs (HTTP/1.0 200) 2 headers in 70 bytes (1 switches on core 0)
Fri Jan  8 20:04:44 2016 - uWSGI worker 1 screams: UAAAAAAH my master disconnected: i will kill myself !!!
*** Starting uWSGI 1.9.17.1-debian (64bit) on [Fri Jan  8 20:06:41 2016] ***
compiled with version: 4.8.2 on 23 March 2014 17:15:32
os: Linux-3.19.0-25-generic #26~14.04.1-Ubuntu SMP Fri Jul 24 21:16:20 UTC 2015
nodename: pi
machine: x86_64
clock source: unix
pcre jit disabled
detected number of CPU cores: 1
current working directory: /home/pijaginw/findyourway
writing pidfile to /home/pijaginw/findyourway/findyourway.pid
detected binary path: /usr/bin/uwsgi-core
your processes number limit is 100
your memory page size is 4096 bytes
detected max file descriptor number: 300
lock engine: pthread robust mutexes
thunder lock: disabled (you can enable it with --thunder-lock)
uwsgi socket 0 bound to UNIX address /tmp/pijaginw,findyourway.sock fd 3
Python version: 2.7.6 (default, Jun 22 2015, 18:01:27)  [GCC 4.8.2]
*** Python threads support is disabled. You can enable it with --enable-threads ***
Python main interpreter initialized at 0x2532790
your server socket listen backlog is limited to 100 connections
your mercy for graceful operations on workers is 60 seconds
mapped 145584 bytes (142 KB) for 1 cores
*** Operational MODE: single process ***
WSGI app 0 (mountpoint='') ready in 0 seconds on interpreter 0x2532790 pid: 29304 (default app)
*** uWSGI is running in multiple interpreter mode ***
spawned uWSGI master process (pid: 29304)
spawned uWSGI worker 1 (pid: 29307, cores: 1)
SIGINT/SIGQUIT received...killing workers...
worker 1 buried after 1 seconds
goodbye to uWSGI.
VACUUM: pidfile removed.
VACUUM: unix socket /tmp/pijaginw,findyourway.sock removed.
*** Starting uWSGI 1.9.17.1-debian (64bit) on [Fri Jan  8 20:08:48 2016] ***
compiled with version: 4.8.2 on 23 March 2014 17:15:32
os: Linux-3.19.0-25-generic #26~14.04.1-Ubuntu SMP Fri Jul 24 21:16:20 UTC 2015
nodename: pi
machine: x86_64
clock source: unix
pcre jit disabled
detected number of CPU cores: 1
current working directory: /home/pijaginw/findyourway
writing pidfile to /home/pijaginw/findyourway/findyourway.pid
detected binary path: /usr/bin/uwsgi-core
your processes number limit is 100
your memory page size is 4096 bytes
detected max file descriptor number: 300
lock engine: pthread robust mutexes
thunder lock: disabled (you can enable it with --thunder-lock)
uwsgi socket 0 bound to UNIX address /tmp/pijaginw,findyourway.sock fd 3
Python version: 2.7.6 (default, Jun 22 2015, 18:01:27)  [GCC 4.8.2]
*** Python threads support is disabled. You can enable it with --enable-threads ***
Python main interpreter initialized at 0xb48790
your server socket listen backlog is limited to 100 connections
your mercy for graceful operations on workers is 60 seconds
mapped 145584 bytes (142 KB) for 1 cores
*** Operational MODE: single process ***
WSGI app 0 (mountpoint='') ready in 0 seconds on interpreter 0xb48790 pid: 29354 (default app)
*** uWSGI is running in multiple interpreter mode ***
spawned uWSGI master process (pid: 29354)
spawned uWSGI worker 1 (pid: 29357, cores: 1)
(in find_route) type of data from request: <type 'str'>

(in find_route) type of data: <type 'dict'>

>>>city: Suwalki
>>>city: Siedlce
>>>city: Warszawa
>>>city: Gdansk
-----------------------------------------
WYSZUKANO POLACZENIE:
Trasa z SUW do SZC wynosi: 700
>>WPTransport<< ma nadzieje, że podroz minela przyjemnie oraz zaprasza na kolejne przygody.
-----------------------------------------
[pid: 29357|app: 0|req: 1/1] 194.29.146.16 () {44 vars in 677 bytes} [Fri Jan  8 20:08:59 2016] POST /pijaginw/findyourway/routes => generated 90 bytes in 10 msecs (HTTP/1.0 200) 2 headers in 71 bytes (1 switches on core 0)
SIGINT/SIGQUIT received...killing workers...
worker 1 buried after 1 seconds
goodbye to uWSGI.
VACUUM: pidfile removed.
VACUUM: unix socket /tmp/pijaginw,findyourway.sock removed.
*** Starting uWSGI 1.9.17.1-debian (64bit) on [Fri Jan  8 20:57:28 2016] ***
compiled with version: 4.8.2 on 23 March 2014 17:15:32
os: Linux-3.19.0-25-generic #26~14.04.1-Ubuntu SMP Fri Jul 24 21:16:20 UTC 2015
nodename: pi
machine: x86_64
clock source: unix
pcre jit disabled
detected number of CPU cores: 1
current working directory: /home/pijaginw/findyourway
writing pidfile to /home/pijaginw/findyourway/findyourway.pid
detected binary path: /usr/bin/uwsgi-core
your processes number limit is 100
your memory page size is 4096 bytes
detected max file descriptor number: 300
lock engine: pthread robust mutexes
thunder lock: disabled (you can enable it with --thunder-lock)
uwsgi socket 0 bound to UNIX address /tmp/pijaginw,findyourway.sock fd 3
Python version: 2.7.6 (default, Jun 22 2015, 18:01:27)  [GCC 4.8.2]
*** Python threads support is disabled. You can enable it with --enable-threads ***
Python main interpreter initialized at 0x15c8790
your server socket listen backlog is limited to 100 connections
your mercy for graceful operations on workers is 60 seconds
mapped 145584 bytes (142 KB) for 1 cores
*** Operational MODE: single process ***
WSGI app 0 (mountpoint='') ready in 0 seconds on interpreter 0x15c8790 pid: 29558 (default app)
*** uWSGI is running in multiple interpreter mode ***
spawned uWSGI master process (pid: 29558)
spawned uWSGI worker 1 (pid: 29561, cores: 1)
SIGINT/SIGQUIT received...killing workers...
worker 1 buried after 1 seconds
goodbye to uWSGI.
VACUUM: pidfile removed.
VACUUM: unix socket /tmp/pijaginw,findyourway.sock removed.
*** Starting uWSGI 1.9.17.1-debian (64bit) on [Fri Jan  8 20:59:58 2016] ***
compiled with version: 4.8.2 on 23 March 2014 17:15:32
os: Linux-3.19.0-25-generic #26~14.04.1-Ubuntu SMP Fri Jul 24 21:16:20 UTC 2015
nodename: pi
machine: x86_64
clock source: unix
pcre jit disabled
detected number of CPU cores: 1
current working directory: /home/pijaginw/findyourway
writing pidfile to /home/pijaginw/findyourway/findyourway.pid
detected binary path: /usr/bin/uwsgi-core
your processes number limit is 100
your memory page size is 4096 bytes
detected max file descriptor number: 300
lock engine: pthread robust mutexes
thunder lock: disabled (you can enable it with --thunder-lock)
uwsgi socket 0 bound to UNIX address /tmp/pijaginw,findyourway.sock fd 3
Python version: 2.7.6 (default, Jun 22 2015, 18:01:27)  [GCC 4.8.2]
*** Python threads support is disabled. You can enable it with --enable-threads ***
Python main interpreter initialized at 0x945790
your server socket listen backlog is limited to 100 connections
your mercy for graceful operations on workers is 60 seconds
mapped 145584 bytes (142 KB) for 1 cores
*** Operational MODE: single process ***
WSGI app 0 (mountpoint='') ready in 0 seconds on interpreter 0x945790 pid: 29685 (default app)
*** uWSGI is running in multiple interpreter mode ***
spawned uWSGI master process (pid: 29685)
spawned uWSGI worker 1 (pid: 29688, cores: 1)
SIGINT/SIGQUIT received...killing workers...
worker 1 buried after 1 seconds
goodbye to uWSGI.
VACUUM: pidfile removed.
VACUUM: unix socket /tmp/pijaginw,findyourway.sock removed.
*** Starting uWSGI 1.9.17.1-debian (64bit) on [Fri Jan  8 21:08:11 2016] ***
compiled with version: 4.8.2 on 23 March 2014 17:15:32
os: Linux-3.19.0-25-generic #26~14.04.1-Ubuntu SMP Fri Jul 24 21:16:20 UTC 2015
nodename: pi
machine: x86_64
clock source: unix
pcre jit disabled
detected number of CPU cores: 1
current working directory: /home/pijaginw/findyourway
writing pidfile to /home/pijaginw/findyourway/findyourway.pid
detected binary path: /usr/bin/uwsgi-core
your processes number limit is 100
your memory page size is 4096 bytes
detected max file descriptor number: 300
lock engine: pthread robust mutexes
thunder lock: disabled (you can enable it with --thunder-lock)
uwsgi socket 0 bound to UNIX address /tmp/pijaginw,findyourway.sock fd 3
Python version: 2.7.6 (default, Jun 22 2015, 18:01:27)  [GCC 4.8.2]
*** Python threads support is disabled. You can enable it with --enable-threads ***
Python main interpreter initialized at 0x2449790
your server socket listen backlog is limited to 100 connections
your mercy for graceful operations on workers is 60 seconds
mapped 145584 bytes (142 KB) for 1 cores
*** Operational MODE: single process ***
WSGI app 0 (mountpoint='') ready in 0 seconds on interpreter 0x2449790 pid: 29782 (default app)
*** uWSGI is running in multiple interpreter mode ***
spawned uWSGI master process (pid: 29782)
spawned uWSGI worker 1 (pid: 29785, cores: 1)
SIGINT/SIGQUIT received...killing workers...
worker 1 buried after 1 seconds
goodbye to uWSGI.
VACUUM: pidfile removed.
VACUUM: unix socket /tmp/pijaginw,findyourway.sock removed.
*** Starting uWSGI 1.9.17.1-debian (64bit) on [Fri Jan  8 23:00:14 2016] ***
compiled with version: 4.8.2 on 23 March 2014 17:15:32
os: Linux-3.19.0-25-generic #26~14.04.1-Ubuntu SMP Fri Jul 24 21:16:20 UTC 2015
nodename: pi
machine: x86_64
clock source: unix
pcre jit disabled
detected number of CPU cores: 1
current working directory: /home/pijaginw/findyourway
writing pidfile to /home/pijaginw/findyourway/findyourway.pid
detected binary path: /usr/bin/uwsgi-core
your processes number limit is 100
your memory page size is 4096 bytes
detected max file descriptor number: 300
lock engine: pthread robust mutexes
thunder lock: disabled (you can enable it with --thunder-lock)
uwsgi socket 0 bound to UNIX address /tmp/pijaginw,findyourway.sock fd 3
Python version: 2.7.6 (default, Jun 22 2015, 18:01:27)  [GCC 4.8.2]
*** Python threads support is disabled. You can enable it with --enable-threads ***
Python main interpreter initialized at 0x1fca790
your server socket listen backlog is limited to 100 connections
your mercy for graceful operations on workers is 60 seconds
mapped 145584 bytes (142 KB) for 1 cores
*** Operational MODE: single process ***
WSGI app 0 (mountpoint='') ready in 0 seconds on interpreter 0x1fca790 pid: 30281 (default app)
*** uWSGI is running in multiple interpreter mode ***
spawned uWSGI master process (pid: 30281)
spawned uWSGI worker 1 (pid: 30284, cores: 1)
Sat Jan  9 09:03:57 2016 - uWSGI worker 1 screams: UAAAAAAH my master disconnected: i will kill myself !!!
