*** Starting uWSGI 1.9.17.1-debian (64bit) on [Thu Jan  7 14:21:58 2016] ***
compiled with version: 4.8.2 on 23 March 2014 17:15:32
os: Linux-3.19.0-25-generic #26~14.04.1-Ubuntu SMP Fri Jul 24 21:16:20 UTC 2015
nodename: pi
machine: x86_64
clock source: unix
pcre jit disabled
detected number of CPU cores: 1
current working directory: /home/pijaginw/findyourway
writing pidfile to /home/pijaginw/findyourway/findyourway.pid
detected binary path: /usr/bin/uwsgi-core
your processes number limit is 15726
your memory page size is 4096 bytes
detected max file descriptor number: 1024
lock engine: pthread robust mutexes
thunder lock: disabled (you can enable it with --thunder-lock)
uwsgi socket 0 bound to UNIX address /tmp/pijaginw,findyourway.sock fd 3
Python version: 2.7.6 (default, Jun 22 2015, 18:01:27)  [GCC 4.8.2]
*** Python threads support is disabled. You can enable it with --enable-threads ***
Python main interpreter initialized at 0x1b4d650
your server socket listen backlog is limited to 100 connections
your mercy for graceful operations on workers is 60 seconds
mapped 145584 bytes (142 KB) for 1 cores
*** Operational MODE: single process ***
WSGI app 0 (mountpoint='') ready in 0 seconds on interpreter 0x1b4d650 pid: 23673 (default app)
*** uWSGI is running in multiple interpreter mode ***
spawned uWSGI master process (pid: 23673)
spawned uWSGI worker 1 (pid: 23676, cores: 1)
------->data: {"to": "WRO", "from": "SUW"}



-----------------------------------------------
--->d = [0, 100000, 100000, 100000, 100000, 100000, 100000, 100000, 100000, 100000, 100000]
--->Q = [0, 1, 2, 3, 4, 5, 6, 7, 8, 9, 10]
--->lowest = 0
>>>city: Suwalki
--->neighbours [1, 4, 3, 6]
--->S: [0]
[-1, 0, -1, 0, 0, -1, 0, -1, -1, -1, -1]
-----------------------------------------------
--->d = [0, 300, 100000, 270, 550, 100000, 340, 100000, 100000, 100000, 100000]
--->Q = [1, 2, 3, 4, 5, 6, 7, 8, 9, 10]
--->lowest = 270
>>>city: Siedlce
--->neighbours [1, 2, 0, 7]
--->S: [0, 3]
[-1, 0, 3, 0, 0, -1, 0, 3, -1, -1, -1]
-----------------------------------------------
--->d = [0, 300, 640, 270, 550, 100000, 340, 410, 100000, 100000, 100000]
--->Q = [1, 2, 4, 5, 6, 7, 8, 9, 10]
--->lowest = 300
>>>city: Warszawa
--->neighbours [0, 2, 4, 3, 6, 9, 7, 10]
--->S: [0, 3, 1]
[-1, 0, 3, 0, 0, -1, 0, 3, -1, -1, 1]
-----------------------------------------------
--->d = [0, 300, 640, 270, 550, 100000, 340, 410, 100000, 100000, 660]
--->Q = [2, 4, 5, 6, 7, 8, 9, 10]
--->lowest = 340
[pid: 23676|app: 0|req: 1/1] 194.29.146.16 () {44 vars in 677 bytes} [Thu Jan  7 14:22:02 2016] POST /pijaginw/findyourway/routes => generated 72 bytes in 10 msecs (HTTP/1.0 400) 2 headers in 87 bytes (1 switches on core 0)
------->data: {"to": "SUW", "from": "WAW"}



-----------------------------------------------
--->d = [100000, 0, 100000, 100000, 100000, 100000, 100000, 100000, 100000, 100000, 100000]
--->Q = [0, 1, 2, 3, 4, 5, 6, 7, 8, 9, 10]
--->lowest = 0
>>>city: Warszawa
--->neighbours [0, 2, 4, 3, 6, 9, 7, 10]
--->S: [1]
[1, -1, -1, -1, -1, -1, -1, -1, -1, -1, -1]
-----------------------------------------------
--->d = [300, 0, 100000, 100000, 100000, 100000, 100000, 100000, 100000, 100000, 100000]
--->Q = [0, 2, 3, 4, 5, 6, 7, 8, 9, 10]
--->lowest = 300
[pid: 23676|app: 0|req: 2/2] 194.29.146.16 () {44 vars in 677 bytes} [Thu Jan  7 14:24:20 2016] POST /pijaginw/findyourway/routes => generated 72 bytes in 3 msecs (HTTP/1.0 400) 2 headers in 87 bytes (1 switches on core 0)
SIGINT/SIGQUIT received...killing workers...
worker 1 buried after 1 seconds
goodbye to uWSGI.
VACUUM: pidfile removed.
VACUUM: unix socket /tmp/pijaginw,findyourway.sock removed.
*** Starting uWSGI 1.9.17.1-debian (64bit) on [Thu Jan  7 14:27:49 2016] ***
compiled with version: 4.8.2 on 23 March 2014 17:15:32
os: Linux-3.19.0-25-generic #26~14.04.1-Ubuntu SMP Fri Jul 24 21:16:20 UTC 2015
nodename: pi
machine: x86_64
clock source: unix
pcre jit disabled
detected number of CPU cores: 1
current working directory: /home/pijaginw/findyourway
writing pidfile to /home/pijaginw/findyourway/findyourway.pid
detected binary path: /usr/bin/uwsgi-core
your processes number limit is 15726
your memory page size is 4096 bytes
detected max file descriptor number: 1024
lock engine: pthread robust mutexes
thunder lock: disabled (you can enable it with --thunder-lock)
uwsgi socket 0 bound to UNIX address /tmp/pijaginw,findyourway.sock fd 3
Python version: 2.7.6 (default, Jun 22 2015, 18:01:27)  [GCC 4.8.2]
*** Python threads support is disabled. You can enable it with --enable-threads ***
Python main interpreter initialized at 0x1e83650
your server socket listen backlog is limited to 100 connections
your mercy for graceful operations on workers is 60 seconds
mapped 145584 bytes (142 KB) for 1 cores
*** Operational MODE: single process ***
WSGI app 0 (mountpoint='') ready in 1 seconds on interpreter 0x1e83650 pid: 24141 (default app)
*** uWSGI is running in multiple interpreter mode ***
spawned uWSGI master process (pid: 24141)
spawned uWSGI worker 1 (pid: 24144, cores: 1)
------->data: {"to": "WRO", "from": "SUW"}



-----------------------------------------------
--->d = [0, 100000, 100000, 100000, 100000, 100000, 100000, 100000, 100000, 100000, 100000]
--->Q = [0, 1, 2, 3, 4, 5, 6, 7, 8, 9, 10]
--->lowest = 0
>>>city: Suwalki
--->neighbours [1, 4, 3, 6]
--->S: [0]
[-1, 0, -1, 0, 0, -1, 0, -1, -1, -1, -1]
-----------------------------------------------
--->d = [0, 300, 100000, 270, 550, 100000, 340, 100000, 100000, 100000, 100000]
--->Q = [1, 2, 3, 4, 5, 6, 7, 8, 9, 10]
--->lowest = 270
>>>city: Siedlce
--->neighbours [1, 2, 0, 7]
--->S: [0, 3]
[-1, 0, 3, 0, 0, -1, 0, 3, -1, -1, -1]
-----------------------------------------------
--->d = [0, 300, 640, 270, 550, 100000, 340, 410, 100000, 100000, 100000]
--->Q = [1, 2, 4, 5, 6, 7, 8, 9, 10]
--->lowest = 300
>>>city: Warszawa
--->neighbours [0, 2, 4, 3, 6, 9, 7, 10]
--->S: [0, 3, 1]
[-1, 0, 3, 0, 0, -1, 0, 3, -1, -1, 1]
-----------------------------------------------
--->d = [0, 300, 640, 270, 550, 100000, 340, 410, 100000, 100000, 660]
--->Q = [2, 4, 5, 6, 7, 8, 9, 10]
--->lowest = 340
[pid: 24144|app: 0|req: 1/1] 194.29.146.16 () {44 vars in 677 bytes} [Thu Jan  7 14:27:53 2016] POST /pijaginw/findyourway/routes => generated 72 bytes in 10 msecs (HTTP/1.0 400) 2 headers in 87 bytes (1 switches on core 0)
------->data: {"to": "WRO", "from": "SUW"}



-----------------------------------------------
--->d = [0, 100000, 100000, 100000, 100000, 100000, 100000, 100000, 100000, 100000, 100000]
--->Q = [0, 1, 2, 3, 4, 5, 6, 7, 8, 9, 10]
--->lowest = 0
>>>city: Suwalki
--->neighbours [1, 4, 3, 6]
--->S: [0]
[-1, 0, -1, 0, 0, -1, 0, -1, -1, -1, -1]
-----------------------------------------------
--->d = [0, 300, 100000, 270, 550, 100000, 340, 100000, 100000, 100000, 100000]
--->Q = [1, 2, 3, 4, 5, 6, 7, 8, 9, 10]
--->lowest = 270
>>>city: Siedlce
--->neighbours [1, 2, 0, 7]
--->S: [0, 3]
[-1, 0, 3, 0, 0, -1, 0, 3, -1, -1, -1]
-----------------------------------------------
--->d = [0, 300, 640, 270, 550, 100000, 340, 410, 100000, 100000, 100000]
--->Q = [1, 2, 4, 5, 6, 7, 8, 9, 10]
--->lowest = 300
>>>city: Warszawa
--->neighbours [0, 2, 4, 3, 6, 9, 7, 10]
--->S: [0, 3, 1]
[-1, 0, 3, 0, 0, -1, 0, 3, -1, -1, 1]
-----------------------------------------------
--->d = [0, 300, 640, 270, 550, 100000, 340, 410, 100000, 100000, 660]
--->Q = [2, 4, 5, 6, 7, 8, 9, 10]
--->lowest = 340
[pid: 24144|app: 0|req: 2/2] 194.29.146.16 () {44 vars in 677 bytes} [Thu Jan  7 14:27:57 2016] POST /pijaginw/findyourway/routes => generated 72 bytes in 1 msecs (HTTP/1.0 400) 2 headers in 87 bytes (1 switches on core 0)
------->data: {"to": "WRO", "from": "SUW"}



-----------------------------------------------
--->d = [0, 100000, 100000, 100000, 100000, 100000, 100000, 100000, 100000, 100000, 100000]
--->Q = [0, 1, 2, 3, 4, 5, 6, 7, 8, 9, 10]
--->lowest = 0
>>>city: Suwalki
--->neighbours [1, 4, 3, 6]
--->S: [0]
[-1, 0, -1, 0, 0, -1, 0, -1, -1, -1, -1]
-----------------------------------------------
--->d = [0, 300, 100000, 270, 550, 100000, 340, 100000, 100000, 100000, 100000]
--->Q = [1, 2, 3, 4, 5, 6, 7, 8, 9, 10]
--->lowest = 270
>>>city: Siedlce
--->neighbours [1, 2, 0, 7]
--->S: [0, 3]
[-1, 0, 3, 0, 0, -1, 0, 3, -1, -1, -1]
-----------------------------------------------
--->d = [0, 300, 640, 270, 550, 100000, 340, 410, 100000, 100000, 100000]
--->Q = [1, 2, 4, 5, 6, 7, 8, 9, 10]
--->lowest = 300
>>>city: Warszawa
--->neighbours [0, 2, 4, 3, 6, 9, 7, 10]
--->S: [0, 3, 1]
[-1, 0, 3, 0, 0, -1, 0, 3, -1, -1, 1]
-----------------------------------------------
--->d = [0, 300, 640, 270, 550, 100000, 340, 410, 100000, 100000, 660]
--->Q = [2, 4, 5, 6, 7, 8, 9, 10]
--->lowest = 340
[pid: 24144|app: 0|req: 3/3] 194.29.146.16 () {44 vars in 677 bytes} [Thu Jan  7 14:27:59 2016] POST /pijaginw/findyourway/routes => generated 72 bytes in 1 msecs (HTTP/1.0 400) 2 headers in 87 bytes (1 switches on core 0)
SIGINT/SIGQUIT received...killing workers...
worker 1 buried after 1 seconds
goodbye to uWSGI.
VACUUM: pidfile removed.
VACUUM: unix socket /tmp/pijaginw,findyourway.sock removed.
*** Starting uWSGI 1.9.17.1-debian (64bit) on [Thu Jan  7 14:29:28 2016] ***
compiled with version: 4.8.2 on 23 March 2014 17:15:32
os: Linux-3.19.0-25-generic #26~14.04.1-Ubuntu SMP Fri Jul 24 21:16:20 UTC 2015
nodename: pi
machine: x86_64
clock source: unix
pcre jit disabled
detected number of CPU cores: 1
current working directory: /home/pijaginw/findyourway
writing pidfile to /home/pijaginw/findyourway/findyourway.pid
detected binary path: /usr/bin/uwsgi-core
your processes number limit is 15726
your memory page size is 4096 bytes
detected max file descriptor number: 1024
lock engine: pthread robust mutexes
thunder lock: disabled (you can enable it with --thunder-lock)
uwsgi socket 0 bound to UNIX address /tmp/pijaginw,findyourway.sock fd 3
Python version: 2.7.6 (default, Jun 22 2015, 18:01:27)  [GCC 4.8.2]
*** Python threads support is disabled. You can enable it with --enable-threads ***
Python main interpreter initialized at 0x94f650
your server socket listen backlog is limited to 100 connections
your mercy for graceful operations on workers is 60 seconds
mapped 145584 bytes (142 KB) for 1 cores
*** Operational MODE: single process ***
WSGI app 0 (mountpoint='') ready in 0 seconds on interpreter 0x94f650 pid: 24214 (default app)
*** uWSGI is running in multiple interpreter mode ***
spawned uWSGI master process (pid: 24214)
spawned uWSGI worker 1 (pid: 24217, cores: 1)
[pid: 24217|app: 0|req: 1/1] 194.29.146.16 () {44 vars in 677 bytes} [Thu Jan  7 14:29:32 2016] POST /pijaginw/findyourway/routes => generated 11 bytes in 7 msecs (HTTP/1.0 400) 2 headers in 87 bytes (1 switches on core 0)
SIGINT/SIGQUIT received...killing workers...
worker 1 buried after 1 seconds
goodbye to uWSGI.
VACUUM: pidfile removed.
VACUUM: unix socket /tmp/pijaginw,findyourway.sock removed.
*** Starting uWSGI 1.9.17.1-debian (64bit) on [Thu Jan  7 14:31:47 2016] ***
compiled with version: 4.8.2 on 23 March 2014 17:15:32
os: Linux-3.19.0-25-generic #26~14.04.1-Ubuntu SMP Fri Jul 24 21:16:20 UTC 2015
nodename: pi
machine: x86_64
clock source: unix
pcre jit disabled
detected number of CPU cores: 1
current working directory: /home/pijaginw/findyourway
writing pidfile to /home/pijaginw/findyourway/findyourway.pid
detected binary path: /usr/bin/uwsgi-core
your processes number limit is 15726
your memory page size is 4096 bytes
detected max file descriptor number: 1024
lock engine: pthread robust mutexes
thunder lock: disabled (you can enable it with --thunder-lock)
uwsgi socket 0 bound to UNIX address /tmp/pijaginw,findyourway.sock fd 3
Python version: 2.7.6 (default, Jun 22 2015, 18:01:27)  [GCC 4.8.2]
*** Python threads support is disabled. You can enable it with --enable-threads ***
Python main interpreter initialized at 0x222d650
your server socket listen backlog is limited to 100 connections
your mercy for graceful operations on workers is 60 seconds
mapped 145584 bytes (142 KB) for 1 cores
*** Operational MODE: single process ***
WSGI app 0 (mountpoint='') ready in 0 seconds on interpreter 0x222d650 pid: 24315 (default app)
*** uWSGI is running in multiple interpreter mode ***
spawned uWSGI master process (pid: 24315)
spawned uWSGI worker 1 (pid: 24318, cores: 1)
Traceback (most recent call last):
  File "/usr/lib/python2.7/dist-packages/flask/app.py", line 1820, in wsgi_app
    response = self.make_response(self.handle_exception(e))
  File "/usr/lib/python2.7/dist-packages/flask/app.py", line 1403, in handle_exception
    reraise(exc_type, exc_value, tb)
  File "/usr/lib/python2.7/dist-packages/flask/app.py", line 1817, in wsgi_app
    response = self.full_dispatch_request()
  File "/usr/lib/python2.7/dist-packages/flask/app.py", line 1477, in full_dispatch_request
    rv = self.handle_user_exception(e)
  File "/usr/lib/python2.7/dist-packages/flask/app.py", line 1381, in handle_user_exception
    reraise(exc_type, exc_value, tb)
  File "/usr/lib/python2.7/dist-packages/flask/app.py", line 1475, in full_dispatch_request
    rv = self.dispatch_request()
  File "/usr/lib/python2.7/dist-packages/flask/app.py", line 1461, in dispatch_request
    return self.view_functions[rule.endpoint](**req.view_args)
  File "/home/pijaginw/findyourway/findyourway.py", line 115, in find_route
    return str(uuid4()), 200
NameError: global name 'uuid4' is not defined
[pid: 24318|app: 0|req: 1/1] 194.29.146.16 () {44 vars in 677 bytes} [Thu Jan  7 14:31:49 2016] POST /pijaginw/findyourway/routes => generated 7017 bytes in 18 msecs (HTTP/1.0 500) 2 headers in 98 bytes (1 switches on core 0)
Traceback (most recent call last):
  File "/usr/lib/python2.7/dist-packages/flask/app.py", line 1820, in wsgi_app
    response = self.make_response(self.handle_exception(e))
  File "/usr/lib/python2.7/dist-packages/flask/app.py", line 1403, in handle_exception
    reraise(exc_type, exc_value, tb)
  File "/usr/lib/python2.7/dist-packages/flask/app.py", line 1817, in wsgi_app
    response = self.full_dispatch_request()
  File "/usr/lib/python2.7/dist-packages/flask/app.py", line 1477, in full_dispatch_request
    rv = self.handle_user_exception(e)
  File "/usr/lib/python2.7/dist-packages/flask/app.py", line 1381, in handle_user_exception
    reraise(exc_type, exc_value, tb)
  File "/usr/lib/python2.7/dist-packages/flask/app.py", line 1475, in full_dispatch_request
    rv = self.dispatch_request()
  File "/usr/lib/python2.7/dist-packages/flask/app.py", line 1461, in dispatch_request
    return self.view_functions[rule.endpoint](**req.view_args)
  File "/home/pijaginw/findyourway/findyourway.py", line 115, in find_route
    return str(uuid4()), 200
NameError: global name 'uuid4' is not defined
[pid: 24318|app: 0|req: 2/2] 194.29.146.16 () {44 vars in 677 bytes} [Thu Jan  7 14:31:50 2016] POST /pijaginw/findyourway/routes => generated 7017 bytes in 11 msecs (HTTP/1.0 500) 2 headers in 98 bytes (1 switches on core 0)
SIGINT/SIGQUIT received...killing workers...
worker 1 buried after 1 seconds
goodbye to uWSGI.
VACUUM: pidfile removed.
VACUUM: unix socket /tmp/pijaginw,findyourway.sock removed.
*** Starting uWSGI 1.9.17.1-debian (64bit) on [Thu Jan  7 14:32:52 2016] ***
compiled with version: 4.8.2 on 23 March 2014 17:15:32
os: Linux-3.19.0-25-generic #26~14.04.1-Ubuntu SMP Fri Jul 24 21:16:20 UTC 2015
nodename: pi
machine: x86_64
clock source: unix
pcre jit disabled
detected number of CPU cores: 1
current working directory: /home/pijaginw/findyourway
writing pidfile to /home/pijaginw/findyourway/findyourway.pid
detected binary path: /usr/bin/uwsgi-core
your processes number limit is 15726
your memory page size is 4096 bytes
detected max file descriptor number: 1024
lock engine: pthread robust mutexes
thunder lock: disabled (you can enable it with --thunder-lock)
uwsgi socket 0 bound to UNIX address /tmp/pijaginw,findyourway.sock fd 3
Python version: 2.7.6 (default, Jun 22 2015, 18:01:27)  [GCC 4.8.2]
*** Python threads support is disabled. You can enable it with --enable-threads ***
Python main interpreter initialized at 0x219b650
your server socket listen backlog is limited to 100 connections
your mercy for graceful operations on workers is 60 seconds
mapped 145584 bytes (142 KB) for 1 cores
*** Operational MODE: single process ***
WSGI app 0 (mountpoint='') ready in 0 seconds on interpreter 0x219b650 pid: 24345 (default app)
*** uWSGI is running in multiple interpreter mode ***
spawned uWSGI master process (pid: 24345)
spawned uWSGI worker 1 (pid: 24348, cores: 1)
------->data: {"to": "WRO", "from": "SUW"}



-----------------------------------------------
--->d = [0, 100000, 100000, 100000, 100000, 100000, 100000, 100000, 100000, 100000, 100000]
--->Q = [0, 1, 2, 3, 4, 5, 6, 7, 8, 9, 10]
--->lowest = 0
>>>city: Suwalki
--->neighbours [1, 4, 3, 6]
--->S: [0]
[-1, 0, -1, 0, 0, -1, 0, -1, -1, -1, -1]
-----------------------------------------------
--->d = [0, 300, 100000, 270, 550, 100000, 340, 100000, 100000, 100000, 100000]
--->Q = [1, 2, 3, 4, 5, 6, 7, 8, 9, 10]
--->lowest = 270
>>>city: Siedlce
--->neighbours [1, 2, 0, 7]
--->S: [0, 3]
[-1, 0, 3, 0, 0, -1, 0, 3, -1, -1, -1]
-----------------------------------------------
--->d = [0, 300, 640, 270, 550, 100000, 340, 410, 100000, 100000, 100000]
--->Q = [1, 2, 4, 5, 6, 7, 8, 9, 10]
--->lowest = 300
>>>city: Warszawa
--->neighbours [0, 2, 4, 3, 6, 9, 7, 10]
--->S: [0, 3, 1]
[-1, 0, 3, 0, 0, -1, 0, 3, -1, -1, 1]
-----------------------------------------------
--->d = [0, 300, 640, 270, 550, 100000, 340, 410, 100000, 100000, 660]
--->Q = [2, 4, 5, 6, 7, 8, 9, 10]
--->lowest = 340
[pid: 24348|app: 0|req: 1/1] 194.29.146.16 () {44 vars in 677 bytes} [Thu Jan  7 14:32:53 2016] POST /pijaginw/findyourway/routes => generated 72 bytes in 10 msecs (HTTP/1.0 400) 2 headers in 87 bytes (1 switches on core 0)
SIGINT/SIGQUIT received...killing workers...
worker 1 buried after 1 seconds
goodbye to uWSGI.
VACUUM: pidfile removed.
VACUUM: unix socket /tmp/pijaginw,findyourway.sock removed.
*** Starting uWSGI 1.9.17.1-debian (64bit) on [Thu Jan  7 14:46:30 2016] ***
compiled with version: 4.8.2 on 23 March 2014 17:15:32
os: Linux-3.19.0-25-generic #26~14.04.1-Ubuntu SMP Fri Jul 24 21:16:20 UTC 2015
nodename: pi
machine: x86_64
clock source: unix
pcre jit disabled
detected number of CPU cores: 1
current working directory: /home/pijaginw/findyourway
writing pidfile to /home/pijaginw/findyourway/findyourway.pid
detected binary path: /usr/bin/uwsgi-core
your processes number limit is 15726
your memory page size is 4096 bytes
detected max file descriptor number: 1024
lock engine: pthread robust mutexes
thunder lock: disabled (you can enable it with --thunder-lock)
uwsgi socket 0 bound to UNIX address /tmp/pijaginw,findyourway.sock fd 3
Python version: 2.7.6 (default, Jun 22 2015, 18:01:27)  [GCC 4.8.2]
*** Python threads support is disabled. You can enable it with --enable-threads ***
Python main interpreter initialized at 0x1b51650
your server socket listen backlog is limited to 100 connections
your mercy for graceful operations on workers is 60 seconds
mapped 145584 bytes (142 KB) for 1 cores
*** Operational MODE: single process ***
WSGI app 0 (mountpoint='') ready in 0 seconds on interpreter 0x1b51650 pid: 24671 (default app)
*** uWSGI is running in multiple interpreter mode ***
spawned uWSGI master process (pid: 24671)
spawned uWSGI worker 1 (pid: 24674, cores: 1)
SIGINT/SIGQUIT received...killing workers...
worker 1 buried after 1 seconds
goodbye to uWSGI.
VACUUM: pidfile removed.
VACUUM: unix socket /tmp/pijaginw,findyourway.sock removed.
*** Starting uWSGI 1.9.17.1-debian (64bit) on [Thu Jan  7 14:48:53 2016] ***
compiled with version: 4.8.2 on 23 March 2014 17:15:32
os: Linux-3.19.0-25-generic #26~14.04.1-Ubuntu SMP Fri Jul 24 21:16:20 UTC 2015
nodename: pi
machine: x86_64
clock source: unix
pcre jit disabled
detected number of CPU cores: 1
current working directory: /home/pijaginw/findyourway
writing pidfile to /home/pijaginw/findyourway/findyourway.pid
detected binary path: /usr/bin/uwsgi-core
your processes number limit is 15726
your memory page size is 4096 bytes
detected max file descriptor number: 1024
lock engine: pthread robust mutexes
thunder lock: disabled (you can enable it with --thunder-lock)
uwsgi socket 0 bound to UNIX address /tmp/pijaginw,findyourway.sock fd 3
Python version: 2.7.6 (default, Jun 22 2015, 18:01:27)  [GCC 4.8.2]
*** Python threads support is disabled. You can enable it with --enable-threads ***
Python main interpreter initialized at 0x11fd650
your server socket listen backlog is limited to 100 connections
your mercy for graceful operations on workers is 60 seconds
mapped 145584 bytes (142 KB) for 1 cores
*** Operational MODE: single process ***
WSGI app 0 (mountpoint='') ready in 0 seconds on interpreter 0x11fd650 pid: 24745 (default app)
*** uWSGI is running in multiple interpreter mode ***
spawned uWSGI master process (pid: 24745)
spawned uWSGI worker 1 (pid: 24748, cores: 1)
SIGINT/SIGQUIT received...killing workers...
worker 1 buried after 1 seconds
goodbye to uWSGI.
VACUUM: pidfile removed.
VACUUM: unix socket /tmp/pijaginw,findyourway.sock removed.
